<?xml version="1.0" encoding="UTF-8"?>
<!-- Generated by org.testng.reporters.JUnitXMLReporter -->
<testsuite ignored="0" hostname="WX-5CG1285KPX" failures="1" tests="17" name="Test" time="18.252" errors="0" timestamp="2022-05-23T18:21:50 IST">
  <testcase classname="AutomationTesting.Practice.index" name="indexPage" time="4.822"/>
  <testcase classname="AutomationTesting.Practice.index" name="Name" time="0.164"/>
  <testcase classname="AutomationTesting.Practice.index" name="address" time="0.091"/>
  <testcase classname="AutomationTesting.Practice.index" name="Emailtip" time="0.025"/>
  <testcase classname="AutomationTesting.Practice.index" name="Email" time="0.7"/>
  <testcase classname="AutomationTesting.Practice.index" name="gender" time="0.163"/>
  <testcase classname="AutomationTesting.Practice.index" name="Hobbies" time="0.143"/>
  <testcase classname="AutomationTesting.Practice.index" name="phoneNo" time="0.074"/>
  <testcase classname="AutomationTesting.Practice.index" name="country" time="0.294"/>
  <testcase classname="AutomationTesting.Practice.index" name="skills" time="1.865"/>
  <testcase classname="AutomationTesting.Practice.index" name="year" time="0.105"/>
  <testcase classname="AutomationTesting.Practice.index" name="month" time="0.113"/>
  <testcase classname="AutomationTesting.Practice.index" name="day" time="0.099"/>
  <testcase classname="AutomationTesting.Practice.index" name="password" time="0.159"/>
  <testcase classname="AutomationTesting.Practice.index" name="languages" time="3.058"/>
  <testcase classname="AutomationTesting.Practice.index" name="photo" time="0.042"/>
  <testcase classname="AutomationTesting.Practice.index" name="submit" time="1.064">
    <failure type="org.openqa.selenium.ElementClickInterceptedException" message="element click intercepted: Element &amp;lt;button id=&amp;quot;submitbtn&amp;quot; type=&amp;quot;submit&amp;quot; class=&amp;quot;btn btn-primary&amp;quot; name=&amp;quot;signup&amp;quot; value=&amp;quot;sign up&amp;quot;&amp;gt;...&amp;lt;/button&amp;gt; is not clickable at point (883, 908). Other element would receive the click: &amp;lt;iframe id=&amp;quot;aswift_3&amp;quot; name=&amp;quot;aswift_3&amp;quot; style=&amp;quot;width: 1005px !important; height: 124px !important; display: block; margin: 0px auto;&amp;quot; sandbox=&amp;quot;allow-forms allow-popups allow-popups-to-escape-sandbox allow-same-origin allow-scripts allow-top-navigation-by-user-activation&amp;quot; width=&amp;quot;1005&amp;quot; height=&amp;quot;124&amp;quot; frameborder=&amp;quot;0&amp;quot; marginwidth=&amp;quot;0&amp;quot; marginheight=&amp;quot;0&amp;quot; vspace=&amp;quot;0&amp;quot; hspace=&amp;quot;0&amp;quot; allowtransparency=&amp;quot;true&amp;quot; scrolling=&amp;quot;no&amp;quot; src=&amp;quot;https://googleads.g.doubleclick.net/pagead/html/r20220518/r20110914/zrt_lookup.html?fsb=1#RS-1-&amp;amp;amp;adk=1812271801&amp;amp;amp;client=ca-pub-9173866185064071&amp;amp;amp;fa=1&amp;amp;amp;ifi=4&amp;amp;amp;uci=a!4&amp;amp;amp;btvi=1&amp;amp;amp;xpc=yILa2jL3gD&amp;amp;amp;p=http%3A//demo.automationtesting.in&amp;quot; data-google-container-id=&amp;quot;a!4&amp;quot; data-google-query-id=&amp;quot;CKm-2ebU9fcCFa6Z2AUdV-AN-Q&amp;quot; data-load-complete=&amp;quot;true&amp;quot;&amp;gt;&amp;lt;/iframe&amp;gt;
  (Session info: chrome=101.0.4951.67)
Build info: version: &amp;apos;4.1.4&amp;apos;, revision: &amp;apos;535d840ee2&amp;apos;
System info: host: &amp;apos;WX-5CG1285KPX&amp;apos;, ip: &amp;apos;192.168.1.100&amp;apos;, os.name: &amp;apos;Windows 10&amp;apos;, os.arch: &amp;apos;amd64&amp;apos;, os.version: &amp;apos;10.0&amp;apos;, java.version: &amp;apos;17.0.1&amp;apos;
Driver info: org.openqa.selenium.chrome.ChromeDriver
Command: [b8310a2b4c6c169d4d2ac5332beba71d, clickElement {id=7376ceac-4c88-4e33-95dc-8b350a5d591e}]
Capabilities {acceptInsecureCerts: false, browserName: chrome, browserVersion: 101.0.4951.67, chrome: {chromedriverVersion: 101.0.4951.41 (93c720db8323..., userDataDir: C:\Users\VENKATEC\AppData\L...}, goog:chromeOptions: {debuggerAddress: localhost:50380}, javascriptEnabled: true, networkConnectionEnabled: false, pageLoadStrategy: normal, platform: WINDOWS, platformName: WINDOWS, proxy: Proxy(), se:cdp: ws://localhost:50380/devtoo..., se:cdpVersion: 101.0.4951.67, setWindowRect: true, strictFileInteractability: false, timeouts: {implicit: 0, pageLoad: 300000, script: 30000}, unhandledPromptBehavior: dismiss and notify, webauthn:extension:credBlob: true, webauthn:extension:largeBlob: true, webauthn:virtualAuthenticators: true}
Element: [[ChromeDriver: chrome on WINDOWS (b8310a2b4c6c169d4d2ac5332beba71d)] -&amp;gt; xpath: //button[@id=&amp;apos;submitbtn&amp;apos;]]
Session ID: b8310a2b4c6c169d4d2ac5332beba71d">
      <![CDATA[org.openqa.selenium.ElementClickInterceptedException: element click intercepted: Element <button id="submitbtn" type="submit" class="btn btn-primary" name="signup" value="sign up">...</button> is not clickable at point (883, 908). Other element would receive the click: <iframe id="aswift_3" name="aswift_3" style="width: 1005px !important; height: 124px !important; display: block; margin: 0px auto;" sandbox="allow-forms allow-popups allow-popups-to-escape-sandbox allow-same-origin allow-scripts allow-top-navigation-by-user-activation" width="1005" height="124" frameborder="0" marginwidth="0" marginheight="0" vspace="0" hspace="0" allowtransparency="true" scrolling="no" src="https://googleads.g.doubleclick.net/pagead/html/r20220518/r20110914/zrt_lookup.html?fsb=1#RS-1-&amp;adk=1812271801&amp;client=ca-pub-9173866185064071&amp;fa=1&amp;ifi=4&amp;uci=a!4&amp;btvi=1&amp;xpc=yILa2jL3gD&amp;p=http%3A//demo.automationtesting.in" data-google-container-id="a!4" data-google-query-id="CKm-2ebU9fcCFa6Z2AUdV-AN-Q" data-load-complete="true"></iframe>
  (Session info: chrome=101.0.4951.67)
Build info: version: '4.1.4', revision: '535d840ee2'
System info: host: 'WX-5CG1285KPX', ip: '192.168.1.100', os.name: 'Windows 10', os.arch: 'amd64', os.version: '10.0', java.version: '17.0.1'
Driver info: org.openqa.selenium.chrome.ChromeDriver
Command: [b8310a2b4c6c169d4d2ac5332beba71d, clickElement {id=7376ceac-4c88-4e33-95dc-8b350a5d591e}]
Capabilities {acceptInsecureCerts: false, browserName: chrome, browserVersion: 101.0.4951.67, chrome: {chromedriverVersion: 101.0.4951.41 (93c720db8323..., userDataDir: C:\Users\VENKATEC\AppData\L...}, goog:chromeOptions: {debuggerAddress: localhost:50380}, javascriptEnabled: true, networkConnectionEnabled: false, pageLoadStrategy: normal, platform: WINDOWS, platformName: WINDOWS, proxy: Proxy(), se:cdp: ws://localhost:50380/devtoo..., se:cdpVersion: 101.0.4951.67, setWindowRect: true, strictFileInteractability: false, timeouts: {implicit: 0, pageLoad: 300000, script: 30000}, unhandledPromptBehavior: dismiss and notify, webauthn:extension:credBlob: true, webauthn:extension:largeBlob: true, webauthn:virtualAuthenticators: true}
Element: [[ChromeDriver: chrome on WINDOWS (b8310a2b4c6c169d4d2ac5332beba71d)] -> xpath: //button[@id='submitbtn']]
Session ID: b8310a2b4c6c169d4d2ac5332beba71d
at org.openqa.selenium.remote.codec.w3c.W3CHttpResponseCodec.createException(W3CHttpResponseCodec.java:200)
at org.openqa.selenium.remote.codec.w3c.W3CHttpResponseCodec.decode(W3CHttpResponseCodec.java:133)
at org.openqa.selenium.remote.codec.w3c.W3CHttpResponseCodec.decode(W3CHttpResponseCodec.java:53)
at org.openqa.selenium.remote.HttpCommandExecutor.execute(HttpCommandExecutor.java:184)
at org.openqa.selenium.remote.service.DriverCommandExecutor.invokeExecute(DriverCommandExecutor.java:167)
at org.openqa.selenium.remote.service.DriverCommandExecutor.execute(DriverCommandExecutor.java:142)
at org.openqa.selenium.remote.RemoteWebDriver.execute(RemoteWebDriver.java:567)
at org.openqa.selenium.remote.RemoteWebElement.execute(RemoteWebElement.java:251)
at org.openqa.selenium.remote.RemoteWebElement.click(RemoteWebElement.java:77)
at org.openqa.selenium.support.pagefactory.internal.LocatingElementHandler.invoke(LocatingElementHandler.java:52)
at jdk.proxy2/jdk.proxy2.$Proxy30.click(Unknown Source)
at AutomationTesting.Practice.index.submit(index.java:287)
at java.base/java.util.ArrayList.forEach(ArrayList.java:1511)
... Removed 36 stack frames]]>
    </failure>
  </testcase> <!-- submit -->
</testsuite> <!-- Test -->
